<?xml version="1.0" encoding="UTF-8"?>
<!-- Generated by org.testng.reporters.JUnitXMLReporter -->
<testsuite ignored="0" hostname="LAPTOP-AI8AGAUK" failures="0" tests="3" name="Default test" time="21.452" errors="0" timestamp="2021-02-15T21:28:07 PST">
  <testcase classname="testNGActivities.Activity9" name="simpleAlertTestCase" time="0.247"/>
  <testcase classname="testNGActivities.Activity9" name="confirmAlertTestCase" time="0.65"/>
  <testcase classname="testNGActivities.Activity9" name="promptAlertTestCase" time="0.221"/>
</testsuite> <!-- Default test -->
