<?xml version="1.0" encoding="UTF-8"?>
<!-- Generated by org.testng.reporters.JUnitXMLReporter -->
<testsuite ignored="1" hostname="LAPTOP-AI8AGAUK" failures="1" tests="5" name="Test1" time="47.362" errors="0" timestamp="2020-12-20T21:00:49 PST">
  <testcase classname="testNGActivities.TestNgActivity1" name="exampleTestCase" time="1.131"/>
  <testcase classname="testNGActivities.TestNgActivity1" name="test2" time="0.002"/>
  <testcase classname="testNGActivities.Activity2" name="testCase1" time="0.009"/>
  <testcase classname="testNGActivities.Activity2" name="testCase2" time="0.148">
    <failure type="java.lang.AssertionError" message="expected [black] but found [Black]">
      <![CDATA[java.lang.AssertionError: expected [black] but found [Black]
at testNGActivities.Activity2.testCase2(Activity2.java:39)
at java.base/java.util.ArrayList.forEach(ArrayList.java:1511)
... Removed 33 stack frames]]>
    </failure>
  </testcase> <!-- testCase2 -->
  <testcase classname="testNGActivities.Activity2" name="testCase4" time="0.002">
    <skipped/>
  </testcase> <!-- testCase4 -->
  <testcase classname="testNGActivities.Activity2" name="testCase3" time="0.0">
    <ignored/>
  </testcase> <!-- testCase3 -->
</testsuite> <!-- Test1 -->
