<?xml version="1.0" encoding="UTF-8"?>
<!-- Generated by org.testng.reporters.JUnitXMLReporter -->
<testsuite ignored="0" hostname="LAPTOP-AI8AGAUK" failures="0" tests="4" name="Test" time="0.093" errors="0" timestamp="2021-01-17T21:30:06 PST">
  <testcase classname="testNGActivities.TestNGTest2" name="third" time="0.01"/>
  <testcase classname="testNGActivities.TestNGTest1" name="first" time="0.007"/>
  <testcase classname="testNGActivities.TestNGTest1" name="second" time="0.001"/>
  <testcase classname="testNGActivities.TestNGTest1" name="third" time="0.002"/>
</testsuite> <!-- Test -->
