<?xml version="1.0" encoding="UTF-8"?>
<!-- Generated by org.testng.reporters.JUnitXMLReporter -->
<testsuite ignored="0" hostname="LAPTOP-AI8AGAUK" failures="0" tests="3" name="Test2" time="36.667" errors="0" timestamp="2020-12-20T21:01:26 PST">
  <testcase classname="testNGActivities.Activity3" name="loginTest" time="0.463"/>
  <testcase classname="testNGActivities.Activity1" name="f" time="10.246"/>
  <testcase classname="testNGActivities.Activity1" name="verification" time="0.229"/>
</testsuite> <!-- Test2 -->
